<?xml version="1.0" encoding="UTF-8"?>
<!-- Generated by org.testng.reporters.JUnitXMLReporter -->
<testsuite hostname="DESKTOP-9AS02US" ignored="0" name="Sample" tests="4" failures="0" timestamp="23 Aug 2018 15:39:14 GMT" time="21.478" errors="0">
  <testcase name="parallel_demo" time="20.615" classname="testcase.TestCase_Demo"/>
  <testcase name="parallel_demo" time="21.323" classname="testcase.TestCase_Demo"/>
  <testcase name="parallel_demo" time="21.369" classname="testcase.TestCase_Demo"/>
  <testcase name="parallel_demo" time="21.41" classname="testcase.TestCase_Demo"/>
</testsuite> <!-- Sample -->
