<?xml version="1.0" encoding="UTF-8"?>
<testng-results skipped="0" failed="0" ignored="0" total="4" passed="4">
  <reporter-output>
  </reporter-output>
  <suite name="Suite" duration-ms="23376" started-at="2018-09-03T17:06:22Z" finished-at="2018-09-03T17:06:45Z">
    <groups>
    </groups>
    <test name="Sample" duration-ms="23376" started-at="2018-09-03T17:06:22Z" finished-at="2018-09-03T17:06:45Z">
      <class name="testcase.TestCase_Demo">
        <test-method status="PASS" signature="setup()[pri:0, instance:testcase.TestCase_Demo@6a192cfe]" name="setup" is-config="true" duration-ms="93" started-at="2018-09-03T17:06:22Z" finished-at="2018-09-03T17:06:22Z">
          <reporter-output>
          </reporter-output>
        </test-method> <!-- setup -->
        <test-method status="PASS" signature="parallel_demo(java.util.Hashtable)[pri:0, instance:testcase.TestCase_Demo@6a192cfe]" name="parallel_demo" duration-ms="23344" started-at="2018-09-03T17:06:22Z" data-provider="dp" finished-at="2018-09-03T17:06:45Z">
          <params>
            <param index="0">
              <value>
                <![CDATA[{SearchString=C, browserName=chrome}]]>
              </value>
            </param>
          </params>
          <reporter-output>
          </reporter-output>
        </test-method> <!-- parallel_demo -->
        <test-method status="PASS" signature="parallel_demo(java.util.Hashtable)[pri:0, instance:testcase.TestCase_Demo@6a192cfe]" name="parallel_demo" duration-ms="23281" started-at="2018-09-03T17:06:22Z" data-provider="dp" finished-at="2018-09-03T17:06:45Z">
          <params>
            <param index="0">
              <value>
                <![CDATA[{SearchString=D, browserName=chrome}]]>
              </value>
            </param>
          </params>
          <reporter-output>
          </reporter-output>
        </test-method> <!-- parallel_demo -->
        <test-method status="PASS" signature="parallel_demo(java.util.Hashtable)[pri:0, instance:testcase.TestCase_Demo@6a192cfe]" name="parallel_demo" duration-ms="23141" started-at="2018-09-03T17:06:22Z" data-provider="dp" finished-at="2018-09-03T17:06:45Z">
          <params>
            <param index="0">
              <value>
                <![CDATA[{SearchString=B, browserName=chrome}]]>
              </value>
            </param>
          </params>
          <reporter-output>
          </reporter-output>
        </test-method> <!-- parallel_demo -->
        <test-method status="PASS" signature="parallel_demo(java.util.Hashtable)[pri:0, instance:testcase.TestCase_Demo@6a192cfe]" name="parallel_demo" duration-ms="23313" started-at="2018-09-03T17:06:22Z" data-provider="dp" finished-at="2018-09-03T17:06:45Z">
          <params>
            <param index="0">
              <value>
                <![CDATA[{SearchString=A, browserName=chrome}]]>
              </value>
            </param>
          </params>
          <reporter-output>
          </reporter-output>
        </test-method> <!-- parallel_demo -->
      </class> <!-- testcase.TestCase_Demo -->
    </test> <!-- Sample -->
  </suite> <!-- Suite -->
</testng-results>
